Using pre-set license
Built from '2022.3/staging' branch; Version is '2022.3.10f1 (ff3792e53c62) revision 16725906'; Using compiler version '192829333'; Build Type 'Release'
OS: 'Windows 10  (10.0.19045) 64bit Professional' Language: 'ru' Physical Memory: 7930 MB
BatchMode: 1, IsHumanControllingUs: 0, StartBugReporterOnCrash: 0, Is64bit: 1, IsPro: 1

COMMAND LINE ARGUMENTS:
C:\Program Files\Unity\Hub\Editor\2022.3.10f1\Editor\Unity.exe
-adb2
-batchMode
-noUpm
-name
AssetImportWorker2
-projectPath
C:/Develop/Projects/Unity/SG_Code
-logFile
Logs/AssetImportWorker2.log
-srvPort
51676
Successfully changed project path to: C:/Develop/Projects/Unity/SG_Code
C:/Develop/Projects/Unity/SG_Code
[UnityMemory] Configuration Parameters - Can be set up in boot.config
    "memorysetup-bucket-allocator-granularity=16"
    "memorysetup-bucket-allocator-bucket-count=8"
    "memorysetup-bucket-allocator-block-size=33554432"
    "memorysetup-bucket-allocator-block-count=8"
    "memorysetup-main-allocator-block-size=16777216"
    "memorysetup-thread-allocator-block-size=16777216"
    "memorysetup-gfx-main-allocator-block-size=16777216"
    "memorysetup-gfx-thread-allocator-block-size=16777216"
    "memorysetup-cache-allocator-block-size=4194304"
    "memorysetup-typetree-allocator-block-size=2097152"
    "memorysetup-profiler-bucket-allocator-granularity=16"
    "memorysetup-profiler-bucket-allocator-bucket-count=8"
    "memorysetup-profiler-bucket-allocator-block-size=33554432"
    "memorysetup-profiler-bucket-allocator-block-count=8"
    "memorysetup-profiler-allocator-block-size=16777216"
    "memorysetup-profiler-editor-allocator-block-size=1048576"
    "memorysetup-temp-allocator-size-main=16777216"
    "memorysetup-job-temp-allocator-block-size=2097152"
    "memorysetup-job-temp-allocator-block-size-background=1048576"
    "memorysetup-job-temp-allocator-reduction-small-platforms=262144"
    "memorysetup-allocator-temp-initial-block-size-main=262144"
    "memorysetup-allocator-temp-initial-block-size-worker=262144"
    "memorysetup-temp-allocator-size-background-worker=32768"
    "memorysetup-temp-allocator-size-job-worker=262144"
    "memorysetup-temp-allocator-size-preload-manager=33554432"
    "memorysetup-temp-allocator-size-nav-mesh-worker=65536"
    "memorysetup-temp-allocator-size-audio-worker=65536"
    "memorysetup-temp-allocator-size-cloud-worker=32768"
    "memorysetup-temp-allocator-size-gi-baking-worker=262144"
    "memorysetup-temp-allocator-size-gfx=262144"
Player connection [24292] Host "[IP] 192.168.56.1 [Port] 0 [Flags] 2 [Guid] 4003972602 [EditorId] 4003972602 [Version] 1048832 [Id] WindowsEditor(7,DESKTOP-5RP75MB) [Debug] 1 [PackageName] WindowsEditor [ProjectName] Editor" joined multi-casting on [225.0.0.222:54997]...

Player connection [24292] Host "[IP] 192.168.56.1 [Port] 0 [Flags] 2 [Guid] 4003972602 [EditorId] 4003972602 [Version] 1048832 [Id] WindowsEditor(7,DESKTOP-5RP75MB) [Debug] 1 [PackageName] WindowsEditor [ProjectName] Editor" joined alternative multi-casting on [225.0.0.222:34997]...

[Physics::Module] Initialized MultithreadedJobDispatcher with 7 workers.
Refreshing native plugins compatible for Editor in 3716.16 ms, found 3 plugins.
Preloading 0 native plugins for Editor in 0.00 ms.
Initialize engine version: 2022.3.10f1 (ff3792e53c62)
[Subsystems] Discovering subsystems at path C:/Program Files/Unity/Hub/Editor/2022.3.10f1/Editor/Data/Resources/UnitySubsystems
[Subsystems] Discovering subsystems at path C:/Develop/Projects/Unity/SG_Code/Assets
GfxDevice: creating device client; threaded=0; jobified=0
Direct3D:
    Version:  Direct3D 11.0 [level 11.1]
    Renderer: Intel(R) Iris(R) Plus Graphics (ID=0x8a52)
    Vendor:   Intel
    VRAM:     3965 MB
    Driver:   30.0.100.9864
Initialize mono
Mono path[0] = 'C:/Program Files/Unity/Hub/Editor/2022.3.10f1/Editor/Data/Managed'
Mono path[1] = 'C:/Program Files/Unity/Hub/Editor/2022.3.10f1/Editor/Data/MonoBleedingEdge/lib/mono/unityjit-win32'
Mono config path = 'C:/Program Files/Unity/Hub/Editor/2022.3.10f1/Editor/Data/MonoBleedingEdge/etc'
Using monoOptions --debugger-agent=transport=dt_socket,embedding=1,server=y,suspend=n,address=127.0.0.1:56300
Begin MonoManager ReloadAssembly
Registering precompiled unity dll's ...
Register platform support module: C:/Program Files/Unity/Hub/Editor/2022.3.10f1/Editor/Data/PlaybackEngines/WindowsStandaloneSupport/UnityEditor.WindowsStandalone.Extensions.dll
Registered in 0.022760 seconds.
- Loaded All Assemblies, in  8.812 seconds
Native extension for WindowsStandalone target not found
Mono: successfully reloaded assembly
- Finished resetting the current domain, in  0.923 seconds
Domain Reload Profiling: 9732ms
	BeginReloadAssembly (8246ms)
		ExecutionOrderSort (0ms)
		DisableScriptedObjects (0ms)
		BackupInstance (0ms)
		ReleaseScriptingObjects (0ms)
		CreateAndSetChildDomain (3ms)
	RebuildCommonClasses (74ms)
	RebuildNativeTypeToScriptingClass (18ms)
	initialDomainReloadingComplete (151ms)
	LoadAllAssembliesAndSetupDomain (319ms)
		LoadAssemblies (8238ms)
		RebuildTransferFunctionScriptingTraits (0ms)
		AnalyzeDomain (315ms)
			TypeCache.Refresh (311ms)
				TypeCache.ScanAssembly (281ms)
			ScanForSourceGeneratedMonoScriptInfo (1ms)
			ResolveRequiredComponents (1ms)
	FinalizeReload (924ms)
		ReleaseScriptCaches (0ms)
		RebuildScriptCaches (0ms)
		SetupLoadedEditorAssemblies (786ms)
			LogAssemblyErrors (0ms)
			InitializePlatformSupportModulesInManaged (19ms)
			SetLoadedEditorAssemblies (15ms)
			RefreshPlugins (0ms)
			BeforeProcessingInitializeOnLoad (4ms)
			ProcessInitializeOnLoadAttributes (573ms)
			ProcessInitializeOnLoadMethodAttributes (174ms)
			AfterProcessingInitializeOnLoad (0ms)
			EditorAssembliesLoaded (0ms)
		ExecutionOrderSort2 (0ms)
		AwakeInstancesAfterBackupRestoration (0ms)
========================================================================
Worker process is ready to serve import requests
Begin MonoManager ReloadAssembly
- Loaded All Assemblies, in  4.430 seconds
Refreshing native plugins compatible for Editor in 5.05 ms, found 3 plugins.
Native extension for WindowsStandalone target not found
Package Manager log level set to [2]
[Package Manager] Server::EnsureServerProcessIsRunning -- launch failed, reason: Unity was launched with the -noUpm command-line argument
[Package Manager] UpmClient::Send -- Unable to send message (not connected to UPM process).
[Package Manager] Cannot connect to Unity Package Manager local server
Mono: successfully reloaded assembly
- Finished resetting the current domain, in  1.043 seconds
Domain Reload Profiling: 5468ms
	BeginReloadAssembly (297ms)
		ExecutionOrderSort (0ms)
		DisableScriptedObjects (13ms)
		BackupInstance (0ms)
		ReleaseScriptingObjects (0ms)
		CreateAndSetChildDomain (43ms)
	RebuildCommonClasses (74ms)
	RebuildNativeTypeToScriptingClass (23ms)
	initialDomainReloadingComplete (90ms)
	LoadAllAssembliesAndSetupDomain (3941ms)
		LoadAssemblies (3691ms)
		RebuildTransferFunctionScriptingTraits (0ms)
		AnalyzeDomain (409ms)
			TypeCache.Refresh (373ms)
				TypeCache.ScanAssembly (343ms)
			ScanForSourceGeneratedMonoScriptInfo (28ms)
			ResolveRequiredComponents (5ms)
	FinalizeReload (1044ms)
		ReleaseScriptCaches (0ms)
		RebuildScriptCaches (0ms)
		SetupLoadedEditorAssemblies (766ms)
			LogAssemblyErrors (0ms)
			InitializePlatformSupportModulesInManaged (15ms)
			SetLoadedEditorAssemblies (7ms)
			RefreshPlugins (0ms)
			BeforeProcessingInitializeOnLoad (108ms)
			ProcessInitializeOnLoadAttributes (578ms)
			ProcessInitializeOnLoadMethodAttributes (40ms)
			AfterProcessingInitializeOnLoad (19ms)
			EditorAssembliesLoaded (0ms)
		ExecutionOrderSort2 (0ms)
		AwakeInstancesAfterBackupRestoration (12ms)
Launched and connected shader compiler UnityShaderCompiler.exe after 0.09 seconds
Refreshing native plugins compatible for Editor in 5.43 ms, found 3 plugins.
Preloading 0 native plugins for Editor in 0.00 ms.
Unloading 3069 Unused Serialized files (Serialized files now loaded: 0)
Unloading 31 unused Assets / (56.4 KB). Loaded Objects now: 3531.
Memory consumption went from 114.3 MB to 114.2 MB.
Total: 5.297200 ms (FindLiveObjects: 0.511000 ms CreateObjectMapping: 0.296000 ms MarkObjects: 4.275900 ms  DeleteObjects: 0.213000 ms)

AssetImportParameters requested are different than current active one (requested -> active):
  custom:container-demuxer-ogg: 62fdf1f143b41e24485cea50d1cbac27 -> 
  custom:video-decoder-ogg-theora: a1e56fd34408186e4bbccfd4996cb3dc -> 
  custom:framework-win-MediaFoundation: 216162199b28c13a410421893ffa2e32 -> 
  custom:container-demuxer-webm: 4f35f7cbe854078d1ac9338744f61a02 -> 
  custom:container-muxer-webm: aa71ff27fc2769a1b78a27578f13a17b -> 
  custom:video-decoder-webm-vp8: 9c59270c3fd7afecdb556c50c9e8de78 -> 
  custom:AudioImporter_EditorPlatform: d09bf68614088b80899f8185d706f6e7 -> 
  custom:video-encoder-webm-vp8: eb34c28f22e8b96e1ab97ce403110664 -> 
  custom:audio-decoder-ogg-vorbis: bf7c407c2cedff20999df2af8eb42d56 -> 
  custom:audio-encoder-webm-vorbis: bf7c407c2cedff20999df2af8eb42d56 -> 
========================================================================
Received Import Request.
  Time since last request: 914359.853229 seconds.
  path: Assets/room1.blend
  artifactKey: Guid(ffe48731f90b21d43afcfcab1dba8b7d) Importer(815301076,1909f56bfc062723c751e8b465ee728b)
Start importing Assets/room1.blend using Guid(ffe48731f90b21d43afcfcab1dba8b7d) Importer(815301076,1909f56bfc062723c751e8b465ee728b)  -> (artifact id: '411ce2b7a0c2bd685b798782cb07fb47') in 0.848777 seconds
Number of updated asset objects reloaded before import = 0
Number of asset objects unloaded after import = 12
========================================================================
Received Import Request.
  Time since last request: 0.000048 seconds.
  path: Assets/кровать.blend
  artifactKey: Guid(c4a6542f0daad2d4da7a8220ed4f4aa2) Importer(815301076,1909f56bfc062723c751e8b465ee728b)
Start importing Assets/кровать.blend using Guid(c4a6542f0daad2d4da7a8220ed4f4aa2) Importer(815301076,1909f56bfc062723c751e8b465ee728b)  -> (artifact id: 'b5505baac7e1cf64e545d02181534dc7') in 0.145504 seconds
Number of updated asset objects reloaded before import = 0
Number of asset objects unloaded after import = 21
========================================================================
Received Import Request.
  Time since last request: 0.000054 seconds.
  path: Assets/статуя бобёр.blend
  artifactKey: Guid(3edee431c02a8674bb00a49e8bce0674) Importer(815301076,1909f56bfc062723c751e8b465ee728b)
Start importing Assets/статуя бобёр.blend using Guid(3edee431c02a8674bb00a49e8bce0674) Importer(815301076,1909f56bfc062723c751e8b465ee728b)  -> (artifact id: 'aa5a0f1106847c00cfc59e9817429181') in 0.180645 seconds
Number of updated asset objects reloaded before import = 0
Number of asset objects unloaded after import = 19
========================================================================
Received Import Request.
  Time since last request: 0.000044 seconds.
  path: Assets/колба лаборатория.blend
  artifactKey: Guid(048539db11776e94689632ec61838af6) Importer(815301076,1909f56bfc062723c751e8b465ee728b)
Start importing Assets/колба лаборатория.blend using Guid(048539db11776e94689632ec61838af6) Importer(815301076,1909f56bfc062723c751e8b465ee728b)  -> (artifact id: '24dea90bd553862eb5a23514f50a15b9') in 0.134241 seconds
Number of updated asset objects reloaded before import = 0
Number of asset objects unloaded after import = 25
========================================================================
Received Import Request.
  Time since last request: 0.000032 seconds.
  path: Assets/дверь вторая локация.blend
  artifactKey: Guid(4b6e9a67e547cbc4aab1c4aa4a9a0b08) Importer(815301076,1909f56bfc062723c751e8b465ee728b)
Start importing Assets/дверь вторая локация.blend using Guid(4b6e9a67e547cbc4aab1c4aa4a9a0b08) Importer(815301076,1909f56bfc062723c751e8b465ee728b)  -> (artifact id: '0c992583343dc8013a81db303a8816ce') in 0.125020 seconds
Number of updated asset objects reloaded before import = 0
Number of asset objects unloaded after import = 31
========================================================================
Received Import Request.
  Time since last request: 0.000028 seconds.
  path: Assets/вид 3.blend
  artifactKey: Guid(f5f325fa19aa67d4fb03d063a4db655b) Importer(815301076,1909f56bfc062723c751e8b465ee728b)
Start importing Assets/вид 3.blend using Guid(f5f325fa19aa67d4fb03d063a4db655b) Importer(815301076,1909f56bfc062723c751e8b465ee728b)  -> (artifact id: '997b66d146691d83bb4390ee69c05cd1') in 0.169909 seconds
Number of updated asset objects reloaded before import = 0
Number of asset objects unloaded after import = 36
========================================================================
Received Import Request.
  Time since last request: 0.000031 seconds.
  path: Assets/Стул вторая локация.blend
  artifactKey: Guid(095901de414db014bb30ee3eef2d158c) Importer(815301076,1909f56bfc062723c751e8b465ee728b)
Start importing Assets/Стул вторая локация.blend using Guid(095901de414db014bb30ee3eef2d158c) Importer(815301076,1909f56bfc062723c751e8b465ee728b)  -> (artifact id: 'afd77547906326b76d4a1243c8b2a7d5') in 0.091121 seconds
Number of updated asset objects reloaded before import = 0
Number of asset objects unloaded after import = 16
========================================================================
Received Import Request.
  Time since last request: 0.000049 seconds.
  path: Assets/New Material 1.mat
  artifactKey: Guid(e3dcfd733ec6fbd4ebcbcb65aecf89a7) Importer(815301076,1909f56bfc062723c751e8b465ee728b)
Start importing Assets/New Material 1.mat using Guid(e3dcfd733ec6fbd4ebcbcb65aecf89a7) Importer(815301076,1909f56bfc062723c751e8b465ee728b)  -> (artifact id: '038175b4a9cb64c5f761322b28dd3505') in 0.041959 seconds
Number of updated asset objects reloaded before import = 0
Number of asset objects unloaded after import = 1
========================================================================
Received Import Request.
  Time since last request: 0.000024 seconds.
  path: Assets/pc.blend
  artifactKey: Guid(1c55649e8bb5009498269338760f08bc) Importer(815301076,1909f56bfc062723c751e8b465ee728b)
Start importing Assets/pc.blend using Guid(1c55649e8bb5009498269338760f08bc) Importer(815301076,1909f56bfc062723c751e8b465ee728b)  -> (artifact id: '37bd8e882d928b5e026d717b809e9db7') in 0.952438 seconds
Number of updated asset objects reloaded before import = 0
Number of asset objects unloaded after import = 196
========================================================================
Received Import Request.
  Time since last request: 0.000065 seconds.
  path: Assets/Scenes
  artifactKey: Guid(a3152ea8e56187c4f9db7c3944b2796a) Importer(815301076,1909f56bfc062723c751e8b465ee728b)
Start importing Assets/Scenes using Guid(a3152ea8e56187c4f9db7c3944b2796a) Importer(815301076,1909f56bfc062723c751e8b465ee728b)  -> (artifact id: '03e5ff46b2d765d8ca5b54caf516c5bb') in 0.002184 seconds
Number of updated asset objects reloaded before import = 0
Number of asset objects unloaded after import = 0
========================================================================
Received Import Request.
  Time since last request: 0.000044 seconds.
  path: Assets/медведь 3.0.blend
  artifactKey: Guid(7857484e23fd39f4181093ee31babe97) Importer(815301076,1909f56bfc062723c751e8b465ee728b)
Start importing Assets/медведь 3.0.blend using Guid(7857484e23fd39f4181093ee31babe97) Importer(815301076,1909f56bfc062723c751e8b465ee728b)  -> (artifact id: 'f36594ee6f5371c6748c38978a8dce1b') in 0.755149 seconds
Number of updated asset objects reloaded before import = 0
Number of asset objects unloaded after import = 16
========================================================================
Received Import Request.
  Time since last request: 0.000079 seconds.
  path: Assets/Scenes/Scene1.unity
  artifactKey: Guid(517f81f0bacc6794a9e265a66976f621) Importer(815301076,1909f56bfc062723c751e8b465ee728b)
Start importing Assets/Scenes/Scene1.unity using Guid(517f81f0bacc6794a9e265a66976f621) Importer(815301076,1909f56bfc062723c751e8b465ee728b)  -> (artifact id: 'b315b4517efcde84d4232695dac21dfa') in 0.002192 seconds
Number of updated asset objects reloaded before import = 0
Number of asset objects unloaded after import = 0
========================================================================
Received Import Request.
  Time since last request: 0.000098 seconds.
  path: Assets/New Material 3.mat
  artifactKey: Guid(e7072003420b5654a8494495dfec9868) Importer(815301076,1909f56bfc062723c751e8b465ee728b)
Start importing Assets/New Material 3.mat using Guid(e7072003420b5654a8494495dfec9868) Importer(815301076,1909f56bfc062723c751e8b465ee728b)  -> (artifact id: '5bb743ace3acc322183fec0309963dd6') in 0.073730 seconds
Number of updated asset objects reloaded before import = 0
Number of asset objects unloaded after import = 1
========================================================================
Received Import Request.
  Time since last request: 0.000079 seconds.
  path: Assets/Komod.fbx
  artifactKey: Guid(c32c7cacfc1c69445897199154b5375e) Importer(815301076,1909f56bfc062723c751e8b465ee728b)
Start importing Assets/Komod.fbx using Guid(c32c7cacfc1c69445897199154b5375e) Importer(815301076,1909f56bfc062723c751e8b465ee728b)  -> (artifact id: 'f44d3dfc1eed081be59addfd58278d0a') in 0.218592 seconds
Number of updated asset objects reloaded before import = 0
Number of asset objects unloaded after import = 16
========================================================================
Received Import Request.
  Time since last request: 0.000043 seconds.
  path: Assets/New Material 2.mat
  artifactKey: Guid(390fb84ed5cfbf041a1babb94fc60eba) Importer(815301076,1909f56bfc062723c751e8b465ee728b)
Start importing Assets/New Material 2.mat using Guid(390fb84ed5cfbf041a1babb94fc60eba) Importer(815301076,1909f56bfc062723c751e8b465ee728b)  -> (artifact id: '4ee241602a95021b94950a742681767a') in 0.114220 seconds
Number of updated asset objects reloaded before import = 0
Number of asset objects unloaded after import = 1
========================================================================
Received Import Request.
  Time since last request: 0.000063 seconds.
  path: Assets/игра блендер 2.blend
  artifactKey: Guid(56f40fbe9212fc7449933c707158b582) Importer(815301076,1909f56bfc062723c751e8b465ee728b)
Start importing Assets/игра блендер 2.blend using Guid(56f40fbe9212fc7449933c707158b582) Importer(815301076,1909f56bfc062723c751e8b465ee728b)  -> (artifact id: 'ec8789006629293ea01946e1f92bb8af') in 0.082297 seconds
Number of updated asset objects reloaded before import = 0
Number of asset objects unloaded after import = 16
========================================================================
Received Import Request.
  Time since last request: 0.000023 seconds.
  path: Assets/стол и шкаф 006 .blend
  artifactKey: Guid(a0cc799cd8c59dd4a803cd5d08de2206) Importer(815301076,1909f56bfc062723c751e8b465ee728b)
Start importing Assets/стол и шкаф 006 .blend using Guid(a0cc799cd8c59dd4a803cd5d08de2206) Importer(815301076,1909f56bfc062723c751e8b465ee728b)  -> (artifact id: 'e51c1b165767684f806f3b8559914fba') in 2.065254 seconds
Number of updated asset objects reloaded before import = 0
Number of asset objects unloaded after import = 283
========================================================================
Received Import Request.
  Time since last request: 65.280838 seconds.
  path: Assets/тв для 3 локации.blend
  artifactKey: Guid(7cf92fbbd28aa5e458cee9896c80935b) Importer(815301076,1909f56bfc062723c751e8b465ee728b)
Start importing Assets/тв для 3 локации.blend using Guid(7cf92fbbd28aa5e458cee9896c80935b) Importer(815301076,1909f56bfc062723c751e8b465ee728b)  -> (artifact id: 'e0f9ff4aebfcbbaa724359d4ee6b138b') in 0.171967 seconds
Number of updated asset objects reloaded before import = 0
Number of asset objects unloaded after import = 16
========================================================================
Received Import Request.
  Time since last request: 0.000096 seconds.
  path: Assets/холодильник3.blend
  artifactKey: Guid(3c20c9c23f7f56543b44aa60dadcf34e) Importer(815301076,1909f56bfc062723c751e8b465ee728b)
Start importing Assets/холодильник3.blend using Guid(3c20c9c23f7f56543b44aa60dadcf34e) Importer(815301076,1909f56bfc062723c751e8b465ee728b)  -> (artifact id: 'ce13a1c6d3c19396b81aecf7b53a40f3') in 0.139768 seconds
Number of updated asset objects reloaded before import = 0
Number of asset objects unloaded after import = 31
========================================================================
Received Import Request.
  Time since last request: 0.000055 seconds.
  path: Assets/чибик.blend
  artifactKey: Guid(1307c354906a9cc4e8f8707de3008af6) Importer(815301076,1909f56bfc062723c751e8b465ee728b)
Start importing Assets/чибик.blend using Guid(1307c354906a9cc4e8f8707de3008af6) Importer(815301076,1909f56bfc062723c751e8b465ee728b)  -> (artifact id: '1b9f36ad25600646e4738cb072a0870c') in 0.393623 seconds
Number of updated asset objects reloaded before import = 0
Number of asset objects unloaded after import = 150
========================================================================
Received Import Request.
  Time since last request: 19.633453 seconds.
  path: Assets
  artifactKey: Guid(00000000000000001000000000000000) Importer(815301076,1909f56bfc062723c751e8b465ee728b)
Start importing Assets using Guid(00000000000000001000000000000000) Importer(815301076,1909f56bfc062723c751e8b465ee728b)  -> (artifact id: '8a4fe85251aa2e89732c359432baa2c3') in 0.001924 seconds
Number of updated asset objects reloaded before import = 0
Number of asset objects unloaded after import = 0
========================================================================
Received Prepare
Refreshing native plugins compatible for Editor in 8.27 ms, found 3 plugins.
Preloading 0 native plugins for Editor in 0.00 ms.
Unloading 0 Unused Serialized files (Serialized files now loaded: 0)
Unloading 0 unused Assets / (0 B). Loaded Objects now: 3577.
Memory consumption went from 71.9 MB to 71.9 MB.
Total: 7.201900 ms (FindLiveObjects: 0.312100 ms CreateObjectMapping: 0.164100 ms MarkObjects: 6.711000 ms  DeleteObjects: 0.013100 ms)

Prepare: number of updated asset objects reloaded= 0
AssetImportParameters requested are different than current active one (requested -> active):
  custom:container-demuxer-ogg: 62fdf1f143b41e24485cea50d1cbac27 -> 
  custom:video-decoder-ogg-theora: a1e56fd34408186e4bbccfd4996cb3dc -> 
  custom:framework-win-MediaFoundation: 216162199b28c13a410421893ffa2e32 -> 
  custom:CustomObjectIndexerAttribute: 756ad292c208cfabdd7b50bc23989ffe -> 
  custom:container-demuxer-webm: 4f35f7cbe854078d1ac9338744f61a02 -> 
  custom:container-muxer-webm: aa71ff27fc2769a1b78a27578f13a17b -> 
  custom:video-decoder-webm-vp8: 9c59270c3fd7afecdb556c50c9e8de78 -> 
  custom:SearchIndexIgnoredProperties: e643bd26f0fe6173181afceb89e7c659 -> 
  custom:AudioImporter_EditorPlatform: d09bf68614088b80899f8185d706f6e7 -> 
  custom:video-encoder-webm-vp8: eb34c28f22e8b96e1ab97ce403110664 -> 
  custom:audio-decoder-ogg-vorbis: bf7c407c2cedff20999df2af8eb42d56 -> 
  custom:audio-encoder-webm-vorbis: bf7c407c2cedff20999df2af8eb42d56 -> 
========================================================================
Received Import Request.
  Time since last request: 16.594425 seconds.
  path: Assets/Prefabs
  artifactKey: Guid(74d2f6c288d85474a93d756e7e022bd9) Importer(815301076,1909f56bfc062723c751e8b465ee728b)
Start importing Assets/Prefabs using Guid(74d2f6c288d85474a93d756e7e022bd9) Importer(815301076,1909f56bfc062723c751e8b465ee728b)  -> (artifact id: '0a4f20a5bf8b0198ab930b9cc3a56982') in 0.001954 seconds
Number of updated asset objects reloaded before import = 0
Number of asset objects unloaded after import = 0
========================================================================
Received Import Request.
  Time since last request: 231.796327 seconds.
  path: Assets/Scenes/scene2.unity
  artifactKey: Guid(10c88f876bcce984894778bcdd3b5487) Importer(815301076,1909f56bfc062723c751e8b465ee728b)
Start importing Assets/Scenes/scene2.unity using Guid(10c88f876bcce984894778bcdd3b5487) Importer(815301076,1909f56bfc062723c751e8b465ee728b)  -> (artifact id: '4a7dba182a82d29e4cf8fdc2c4b49253') in 0.001936 seconds
Number of updated asset objects reloaded before import = 0
Number of asset objects unloaded after import = 0
========================================================================
Received Import Request.
  Time since last request: 160.742696 seconds.
  path: Assets/Scenes/scene3.unity
  artifactKey: Guid(8560ed68ac202514fa6df6f4edd1849a) Importer(815301076,1909f56bfc062723c751e8b465ee728b)
Start importing Assets/Scenes/scene3.unity using Guid(8560ed68ac202514fa6df6f4edd1849a) Importer(815301076,1909f56bfc062723c751e8b465ee728b)  -> (artifact id: '13e45d1316ab19d74b45461cd1455350') in 0.002619 seconds
Number of updated asset objects reloaded before import = 0
Number of asset objects unloaded after import = 0
========================================================================
Received Import Request.
  Time since last request: 181.846175 seconds.
  path: Assets/Scenes/Scene1.unity
  artifactKey: Guid(517f81f0bacc6794a9e265a66976f621) Importer(815301076,1909f56bfc062723c751e8b465ee728b)
Start importing Assets/Scenes/Scene1.unity using Guid(517f81f0bacc6794a9e265a66976f621) Importer(815301076,1909f56bfc062723c751e8b465ee728b)  -> (artifact id: '5d90b09c3a12a2df047000be4a7cae68') in 0.000984 seconds
Number of updated asset objects reloaded before import = 0
Number of asset objects unloaded after import = 0
